<?xml version="1.0" encoding="UTF-8"?>
<testsuite name="DayCalcTest.DayCalcTest" tests="1" skipped="0" failures="0" errors="0" timestamp="2021-05-19T09:21:43" hostname="DESKTOP-FU369RN" time="0.01">
  <properties/>
  <testcase name="test1()" classname="DayCalcTest.DayCalcTest" time="0.01"/>
  <system-out><![CDATA[]]></system-out>
  <system-err><![CDATA[]]></system-err>
</testsuite>
